<?xml version="1.0" encoding="UTF-8"?>
<robot generator="Robot 5.0.1 (Python 3.10.4 on win32)" generated="20220706 15:09:13.832" rpa="false" schemaversion="3">
<suite id="s1" name="Account Overview Test" source="C:\Users\B962457\Documents\Automation_projects\robot_projects\parabank_ui_testing\Tests\account_overview_test.robot">
<test id="s1-t1" name="Verify Success Open Account Overview Page" line="11">
<kw name="Overview Page Should Be Opened" library="overview_page_resources">
<kw name="Log Number Of Account" library="overview_page_resources">
<kw name="Print Number Of Accounts" library="number_of_accounts">
<var>${account_counts}</var>
<msg timestamp="20220706 15:09:27.041" level="INFO">${account_counts} = 0</msg>
<status status="PASS" starttime="20220706 15:09:14.095" endtime="20220706 15:09:27.041"/>
</kw>
<kw name="Log" library="BuiltIn">
<arg>Number of accounts is ${account_counts}</arg>
<doc>Logs the given message with the given level.</doc>
<msg timestamp="20220706 15:09:27.041" level="INFO">Number of accounts is 0</msg>
<status status="PASS" starttime="20220706 15:09:27.041" endtime="20220706 15:09:27.041"/>
</kw>
<status status="PASS" starttime="20220706 15:09:14.095" endtime="20220706 15:09:27.041"/>
</kw>
<kw name="Title Should Be" library="SeleniumLibrary">
<arg>${ACCOUNT_OVERVIEW_TITLE}</arg>
<doc>Verifies that the current page title equals ``title``.</doc>
<msg timestamp="20220706 15:09:27.041" level="INFO">Cannot capture screenshot because no browser is open.</msg>
<msg timestamp="20220706 15:09:27.041" level="FAIL">No browser is open.</msg>
<status status="FAIL" starttime="20220706 15:09:27.041" endtime="20220706 15:09:27.041"/>
</kw>
<kw name="Account Table Is Visible" library="overview_page_resources">
<status status="NOT RUN" starttime="20220706 15:09:27.041" endtime="20220706 15:09:27.041"/>
</kw>
<kw name="Sleep" library="BuiltIn">
<arg>2s</arg>
<doc>Pauses the test executed for the given time.</doc>
<status status="NOT RUN" starttime="20220706 15:09:27.041" endtime="20220706 15:09:27.041"/>
</kw>
<status status="FAIL" starttime="20220706 15:09:14.095" endtime="20220706 15:09:27.041"/>
</kw>
<status status="FAIL" starttime="20220706 15:09:14.094" endtime="20220706 15:09:27.041">No browser is open.</status>
</test>
<doc>This test suite contains test cases that verify UI elements in the account overview page</doc>
<status status="FAIL" starttime="20220706 15:09:13.834" endtime="20220706 15:09:27.054"/>
</suite>
<statistics>
<total>
<stat pass="0" fail="1" skip="0">All Tests</stat>
</total>
<tag>
</tag>
<suite>
<stat pass="0" fail="1" skip="0" id="s1" name="Account Overview Test">Account Overview Test</stat>
</suite>
</statistics>
<errors>
<msg timestamp="20220706 15:09:14.069" level="ERROR">Error in file 'C:\Users\B962457\Documents\Automation_projects\robot_projects\parabank_ui_testing\Resources\overview_page_resources.robot' on line 13: Setting variable '${ACCOUNT_TABLE_HEADER_ACCOUNT} #accountTable&gt; thead &gt; tr &gt; th:nth-child(1)' failed: Invalid variable name '${ACCOUNT_TABLE_HEADER_ACCOUNT} #accountTable&gt; thead &gt; tr &gt; th:nth-child(1)'.</msg>
<msg timestamp="20220706 15:09:14.070" level="ERROR">Error in file 'C:\Users\B962457\Documents\Automation_projects\robot_projects\parabank_ui_testing\Resources\overview_page_resources.robot' on line 14: Setting variable '${ACCOUNT_TABLE_HEADER_BALANCE} #accountTable&gt; thead &gt; tr &gt; th:nth-child(2)' failed: Invalid variable name '${ACCOUNT_TABLE_HEADER_BALANCE} #accountTable&gt; thead &gt; tr &gt; th:nth-child(2)'.</msg>
<msg timestamp="20220706 15:09:14.071" level="ERROR">Error in file 'C:\Users\B962457\Documents\Automation_projects\robot_projects\parabank_ui_testing\Resources\overview_page_resources.robot' on line 15: Setting variable '${ACCOUNT_TABLE_HEADER_AVAILABLE_AMOUNT} #accountTable&gt; thead &gt; tr &gt; th:nth-child(3)' failed: Invalid variable name '${ACCOUNT_TABLE_HEADER_AVAILABLE_AMOUNT} #accountTable&gt; thead &gt; tr &gt; th:nth-child(3)'.</msg>
<msg timestamp="20220706 15:09:14.081" level="ERROR">Error in file 'C:\Users\B962457\Documents\Automation_projects\robot_projects\parabank_ui_testing\Resources\common_resources.robot' on line 13: Setting variable '${UPDATE_CONTACT_INFO_URL} //a[href="/parabank/updateprofile.htm"]' failed: Invalid variable name '${UPDATE_CONTACT_INFO_URL} //a[href="/parabank/updateprofile.htm"]'.</msg>
<msg timestamp="20220706 15:09:14.088" level="ERROR">Error in file 'C:\Users\B962457\Documents\Automation_projects\robot_projects\parabank_ui_testing\Resources\home_page_resources.robot' on line 3: Importing library 'Selenium2Library' failed: ModuleNotFoundError: No module named 'Selenium2Library'
Traceback (most recent call last):
  None
PYTHONPATH:
  C:\Users\B962457\AppData\Local\Programs\Python\Python310\Scripts\robot.exe
  C:\Users\B962457\AppData\Local\Programs\Python\Python310\python310.zip
  C:\Users\B962457\AppData\Local\Programs\Python\Python310\DLLs
  C:\Users\B962457\AppData\Local\Programs\Python\Python310\lib
  C:\Users\B962457\AppData\Local\Programs\Python\Python310
  C:\Users\B962457\AppData\Local\Programs\Python\Python310\lib\site-packages
  C:\Users\B962457\AppData\Local\Programs\Python\Python310\lib\site-packages\win32
  C:\Users\B962457\AppData\Local\Programs\Python\Python310\lib\site-packages\win32\lib
  C:\Users\B962457\AppData\Local\Programs\Python\Python310\lib\site-packages\Pythonwin</msg>
</errors>
</robot>
