<?xml version="1.0" encoding="UTF-8"?>
<robot generator="Robot 5.0.1 (Python 3.10.4 on win32)" generated="20220705 15:59:34.429" rpa="false" schemaversion="3">
<suite id="s1" name="Login Test" source="C:\Users\B962457\Documents\Automation_projects\robot_projects\parabank_ui_testing\Tests\login_test.robot">
<test id="s1-t1" name="Verify Failed Login With One Empty Input" line="24">
<kw name="Open Website" library="common_resources">
<kw name="Open Browser" library="SeleniumLibrary">
<arg>${BASE_URL}</arg>
<arg>${BROWSER}</arg>
<doc>Opens a new browser instance to the optional ``url``.</doc>
<msg timestamp="20220705 15:59:34.654" level="INFO">Opening browser 'firefox' to base url 'https://parabank.parasoft.com/parabank'.</msg>
<msg timestamp="20220705 15:59:34.655" level="INFO">Firefox driver log is always forced to to: C:\Users\B962457\Documents\Automation_projects\robot_projects\parabank_ui_testing\geckodriver-1.log</msg>
<status status="PASS" starttime="20220705 15:59:34.654" endtime="20220705 15:59:42.299"/>
</kw>
<kw name="Sleep" library="BuiltIn">
<arg>2s</arg>
<doc>Pauses the test executed for the given time.</doc>
<msg timestamp="20220705 15:59:44.300" level="INFO">Slept 2 seconds</msg>
<status status="PASS" starttime="20220705 15:59:42.299" endtime="20220705 15:59:44.300"/>
</kw>
<status status="PASS" starttime="20220705 15:59:34.653" endtime="20220705 15:59:44.300"/>
</kw>
<kw name="Input Username" library="home_page_resources">
<arg>${VALID_USERNAME}</arg>
<kw name="Input Text" library="SeleniumLibrary">
<arg>${USERNAME_INPUT}</arg>
<arg>${test_data}</arg>
<doc>Types the given ``text`` into the text field identified by ``locator``.</doc>
<msg timestamp="20220705 15:59:44.303" level="INFO">Typing text 'john' into text field '//input[@name="username"]'.</msg>
<status status="PASS" starttime="20220705 15:59:44.302" endtime="20220705 15:59:44.339"/>
</kw>
<status status="PASS" starttime="20220705 15:59:44.301" endtime="20220705 15:59:44.339"/>
</kw>
<kw name="Input Password" library="home_page_resources">
<arg>${EMPTY}</arg>
<kw name="Input Password" library="SeleniumLibrary">
<arg>${PASSWORD_INPUT}</arg>
<arg>${test_data}</arg>
<doc>Types the given password into the text field identified by ``locator``.</doc>
<msg timestamp="20220705 15:59:44.341" level="INFO">Typing password into text field '//input[@name="password"]'.</msg>
<msg timestamp="20220705 15:59:44.346" level="INFO">Temporally setting log level to: NONE</msg>
<msg timestamp="20220705 15:59:44.354" level="INFO">Log level changed from NONE to INFO.</msg>
<status status="PASS" starttime="20220705 15:59:44.341" endtime="20220705 15:59:44.354"/>
</kw>
<status status="PASS" starttime="20220705 15:59:44.340" endtime="20220705 15:59:44.354"/>
</kw>
<kw name="Log User In" library="home_page_resources">
<kw name="Click Button" library="SeleniumLibrary">
<arg>${LOGIN_BTN}</arg>
<doc>Clicks the button identified by ``locator``.</doc>
<msg timestamp="20220705 15:59:44.356" level="INFO">Clicking button '//input[@value="Log In"]'.</msg>
<status status="PASS" starttime="20220705 15:59:44.356" endtime="20220705 15:59:44.627"/>
</kw>
<status status="PASS" starttime="20220705 15:59:44.354" endtime="20220705 15:59:44.627"/>
</kw>
<kw name="Error Message Should Be Visible As" library="common_resources">
<arg>${ERROR_MSG_EMPTY_INPUT}</arg>
<kw name="Wait Until Element Is Visible" library="SeleniumLibrary">
<arg>${ERROR_MESSAGE}</arg>
<doc>Waits until the element ``locator`` is visible.</doc>
<status status="PASS" starttime="20220705 15:59:44.628" endtime="20220705 15:59:44.644"/>
</kw>
<kw name="Element Text Should Be" library="SeleniumLibrary">
<arg>${ERROR_MESSAGE}</arg>
<arg>${message}</arg>
<doc>Verifies that element ``locator`` contains exact the text ``expected``.</doc>
<msg timestamp="20220705 15:59:44.645" level="INFO">Verifying element '//*[@id="rightPanel"]/p' contains exact text 'Please enter a username and password.'.</msg>
<status status="PASS" starttime="20220705 15:59:44.644" endtime="20220705 15:59:44.657"/>
</kw>
<status status="PASS" starttime="20220705 15:59:44.628" endtime="20220705 15:59:44.657"/>
</kw>
<kw name="Close Website" library="common_resources" type="TEARDOWN">
<kw name="Close Browser" library="SeleniumLibrary">
<doc>Closes the current browser.</doc>
<status status="PASS" starttime="20220705 15:59:44.658" endtime="20220705 15:59:45.336"/>
</kw>
<status status="PASS" starttime="20220705 15:59:44.658" endtime="20220705 15:59:45.336"/>
</kw>
<status status="PASS" starttime="20220705 15:59:34.653" endtime="20220705 15:59:45.336"/>
</test>
<kw name="Close All Browsers" library="SeleniumLibrary" type="TEARDOWN">
<doc>Closes all open browsers and resets the browser cache.</doc>
<status status="PASS" starttime="20220705 15:59:45.338" endtime="20220705 15:59:45.338"/>
</kw>
<status status="PASS" starttime="20220705 15:59:34.430" endtime="20220705 15:59:45.338"/>
</suite>
<statistics>
<total>
<stat pass="1" fail="0" skip="0">All Tests</stat>
</total>
<tag>
</tag>
<suite>
<stat pass="1" fail="0" skip="0" id="s1" name="Login Test">Login Test</stat>
</suite>
</statistics>
<errors>
<msg timestamp="20220705 15:59:34.642" level="ERROR">Error in file 'C:\Users\B962457\Documents\Automation_projects\robot_projects\parabank_ui_testing\Resources\home_page_resources.robot' on line 3: Importing library 'Selenium2Library' failed: ModuleNotFoundError: No module named 'Selenium2Library'
Traceback (most recent call last):
  None
PYTHONPATH:
  C:\Users\B962457\AppData\Local\Programs\Python\Python310\Scripts\robot.exe
  C:\Users\B962457\AppData\Local\Programs\Python\Python310\python310.zip
  C:\Users\B962457\AppData\Local\Programs\Python\Python310\DLLs
  C:\Users\B962457\AppData\Local\Programs\Python\Python310\lib
  C:\Users\B962457\AppData\Local\Programs\Python\Python310
  C:\Users\B962457\AppData\Local\Programs\Python\Python310\lib\site-packages
  C:\Users\B962457\AppData\Local\Programs\Python\Python310\lib\site-packages\win32
  C:\Users\B962457\AppData\Local\Programs\Python\Python310\lib\site-packages\win32\lib
  C:\Users\B962457\AppData\Local\Programs\Python\Python310\lib\site-packages\Pythonwin</msg>
<msg timestamp="20220705 15:59:34.647" level="ERROR">Error in file 'C:\Users\B962457\Documents\Automation_projects\robot_projects\parabank_ui_testing\Resources\common_resources.robot' on line 13: Setting variable '${UPDATE_CONTACT_INFO_URL} //a[href="/parabank/updateprofile.htm"]' failed: Invalid variable name '${UPDATE_CONTACT_INFO_URL} //a[href="/parabank/updateprofile.htm"]'.</msg>
</errors>
</robot>
